<?xml version="1.0" encoding="UTF-8"?>
<testng-results ignored="5" total="6" passed="1" failed="0" skipped="0">
  <reporter-output>
  </reporter-output>
  <suite started-at="2020-10-11T15:35:50 BRT" name="Default suite" finished-at="2020-10-11T15:36:12 BRT" duration-ms="21939">
    <groups>
    </groups>
    <test started-at="2020-10-11T15:35:50 BRT" name="Default test" finished-at="2020-10-11T15:36:12 BRT" duration-ms="21939">
      <class name="selenide.projeto.ElementosEspeciais">
        <test-method is-config="true" signature="configuracoes()[pri:0, instance:selenide.projeto.ElementosEspeciais@62e7f11d]" started-at="2020-10-11T15:35:51 BRT" name="configuracoes" finished-at="2020-10-11T15:35:51 BRT" duration-ms="110" status="PASS">
          <reporter-output>
          </reporter-output>
        </test-method> <!-- configuracoes -->
        <test-method signature="janelas()[pri:0, instance:selenide.projeto.ElementosEspeciais@62e7f11d]" started-at="2020-10-11T15:35:51 BRT" name="janelas" finished-at="2020-10-11T15:36:12 BRT" duration-ms="21714" status="PASS">
          <reporter-output>
          </reporter-output>
        </test-method> <!-- janelas -->
      </class> <!-- selenide.projeto.ElementosEspeciais -->
    </test> <!-- Default test -->
  </suite> <!-- Default suite -->
</testng-results>
