<?xml version="1.0" encoding="UTF-8"?>
<!-- Generated by org.testng.reporters.JUnitXMLReporter -->
<testsuite ignored="5" hostname="DESKTOP-A4RJ510" failures="0" tests="1" name="Default test" time="21.939" errors="0" timestamp="2020-10-11T15:36:12 BRT">
  <testcase classname="selenide.projeto.ElementosEspeciais" name="janelas" time="21.714"/>
  <testcase classname="selenide.projeto.ElementosEspeciais" name="iframe" time="0.0">
    <ignored/>
  </testcase> <!-- iframe -->
  <testcase classname="selenide.projeto.ElementosEspeciais" name="checkboxRadio" time="0.0">
    <ignored/>
  </testcase> <!-- checkboxRadio -->
  <testcase classname="selenide.projeto.ElementosEspeciais" name="alerts" time="0.0">
    <ignored/>
  </testcase> <!-- alerts -->
  <testcase classname="selenide.projeto.ElementosEspeciais" name="select" time="0.0">
    <ignored/>
  </testcase> <!-- select -->
  <testcase classname="selenide.projeto.ElementosEspeciais" name="multiselect" time="0.0">
    <ignored/>
  </testcase> <!-- multiselect -->
</testsuite> <!-- Default test -->
